<?xml version="1.0" encoding="UTF-8"?>
<!-- Generated by org.testng.reporters.JUnitReportReporter -->
<testsuite hostname="DESKTOP-VSJMPEM" failures="0" tests="3" name="com.nelkinda.FactorialTest" time="0.062" errors="0" timestamp="2024-05-06T15:42:35 IST" skipped="0">
  <testcase classname="com.nelkinda.FactorialTest" name="testFactorialOfZero" time="0.006"/>
  <testcase classname="com.nelkinda.FactorialTest" name="testFactorialOfPositiveNumber" time="0.017"/>
  <testcase classname="com.nelkinda.FactorialTest" name="testFactorialOfNegativeNumber" time="0.039"/>
</testsuite> <!-- com.nelkinda.FactorialTest -->
